Determining if the pthread_create exist failed with the following output:
Change Dir: /home/invite/Documents/Pepper_Project/catkin_pepper_ws/build/CMakeFiles/CMakeTmp

Run Build Command:/usr/bin/make "cmTryCompileExec125207786/fast"
/usr/bin/make -f CMakeFiles/cmTryCompileExec125207786.dir/build.make CMakeFiles/cmTryCompileExec125207786.dir/build
make[1]: Entering directory `/home/invite/Documents/Pepper_Project/catkin_pepper_ws/build/CMakeFiles/CMakeTmp'
/usr/bin/cmake -E cmake_progress_report /home/invite/Documents/Pepper_Project/catkin_pepper_ws/build/CMakeFiles/CMakeTmp/CMakeFiles 1
Building C object CMakeFiles/cmTryCompileExec125207786.dir/CheckSymbolExists.c.o
/usr/bin/cc    -o CMakeFiles/cmTryCompileExec125207786.dir/CheckSymbolExists.c.o   -c /home/invite/Documents/Pepper_Project/catkin_pepper_ws/build/CMakeFiles/CMakeTmp/CheckSymbolExists.c
Linking C executable cmTryCompileExec125207786
/usr/bin/cmake -E cmake_link_script CMakeFiles/cmTryCompileExec125207786.dir/link.txt --verbose=1
/usr/bin/cc       CMakeFiles/cmTryCompileExec125207786.dir/CheckSymbolExists.c.o  -o cmTryCompileExec125207786 -rdynamic 
CMakeFiles/cmTryCompileExec125207786.dir/CheckSymbolExists.c.o: In function `main':
CheckSymbolExists.c:(.text+0x16): undefined reference to `pthread_create'
collect2: error: ld returned 1 exit status
make[1]: *** [cmTryCompileExec125207786] Error 1
make[1]: Leaving directory `/home/invite/Documents/Pepper_Project/catkin_pepper_ws/build/CMakeFiles/CMakeTmp'
make: *** [cmTryCompileExec125207786/fast] Error 2

File /home/invite/Documents/Pepper_Project/catkin_pepper_ws/build/CMakeFiles/CMakeTmp/CheckSymbolExists.c:
/* */
#include <pthread.h>

int main(int argc, char** argv)
{
  (void)argv;
#ifndef pthread_create
  return ((int*)(&pthread_create))[argc];
#else
  (void)argc;
  return 0;
#endif
}

Determining if the function pthread_create exists in the pthreads failed with the following output:
Change Dir: /home/invite/Documents/Pepper_Project/catkin_pepper_ws/build/CMakeFiles/CMakeTmp

Run Build Command:/usr/bin/make "cmTryCompileExec1532860134/fast"
/usr/bin/make -f CMakeFiles/cmTryCompileExec1532860134.dir/build.make CMakeFiles/cmTryCompileExec1532860134.dir/build
make[1]: Entering directory `/home/invite/Documents/Pepper_Project/catkin_pepper_ws/build/CMakeFiles/CMakeTmp'
/usr/bin/cmake -E cmake_progress_report /home/invite/Documents/Pepper_Project/catkin_pepper_ws/build/CMakeFiles/CMakeTmp/CMakeFiles 1
Building C object CMakeFiles/cmTryCompileExec1532860134.dir/CheckFunctionExists.c.o
/usr/bin/cc   -DCHECK_FUNCTION_EXISTS=pthread_create   -o CMakeFiles/cmTryCompileExec1532860134.dir/CheckFunctionExists.c.o   -c /usr/share/cmake-2.8/Modules/CheckFunctionExists.c
Linking C executable cmTryCompileExec1532860134
/usr/bin/cmake -E cmake_link_script CMakeFiles/cmTryCompileExec1532860134.dir/link.txt --verbose=1
/usr/bin/cc   -DCHECK_FUNCTION_EXISTS=pthread_create    CMakeFiles/cmTryCompileExec1532860134.dir/CheckFunctionExists.c.o  -o cmTryCompileExec1532860134 -rdynamic -lpthreads 
/usr/bin/ld: cannot find -lpthreads
collect2: error: ld returned 1 exit status
make[1]: *** [cmTryCompileExec1532860134] Error 1
make[1]: Leaving directory `/home/invite/Documents/Pepper_Project/catkin_pepper_ws/build/CMakeFiles/CMakeTmp'
make: *** [cmTryCompileExec1532860134/fast] Error 2


